# JRE version: Java(TM) SE Runtime Environment (17.0.5+9) (build 17.0.5+9-LTS-191)
# Java VM: Java HotSpot(TM) 64-Bit Server VM (17.0.5+9-LTS-191, mixed mode, sharing, tiered, compressed oops, compressed class ptrs, g1 gc, windows-amd64)
GC Precious Log:
 CPUs: 4 total, 4 available
 Memory: 3819M
 Large Page Support: Disabled
 NUMA Support: Disabled
 Compressed Oops: Enabled (32-bit)
 Heap Region Size: 1M
 Heap Min Capacity: 8M
 Heap Initial Capacity: 60M
 Heap Max Capacity: 956M
 Pre-touch: Disabled
 Parallel Workers: 4
 Concurrent Workers: 1
 Concurrent Refinement Workers: 4
 Periodic GC: Disabled
Heap:
 garbage-first heap   total 75776K, used 39993K [0x00000000c4400000, 0x0000000100000000)
  region size 1024K, 1 young (1024K), 1 survivors (1024K)
 Metaspace       used 60944K, committed 61440K, reserved 1105920K
  class space    used 8215K, committed 8448K, reserved 1048576K
GC Heap History (20 events):
Event: 19.201 GC heap after
{Heap after GC invocations=14 (full 0):
 garbage-first heap   total 48128K, used 23115K [0x00000000c4400000, 0x0000000100000000)
  region size 1024K, 1 young (1024K), 1 survivors (1024K)
 Metaspace       used 51752K, committed 52160K, reserved 1097728K
  class space    used 6964K, committed 7168K, reserved 1048576K
}
Event: 21.110 GC heap before
{Heap before GC invocations=14 (full 0):
 garbage-first heap   total 48128K, used 37451K [0x00000000c4400000, 0x0000000100000000)
  region size 1024K, 15 young (15360K), 1 survivors (1024K)
 Metaspace       used 54929K, committed 55360K, reserved 1097728K
  class space    used 7412K, committed 7616K, reserved 1048576K
}
Event: 21.114 GC heap after
{Heap after GC invocations=15 (full 0):
 garbage-first heap   total 48128K, used 24052K [0x00000000c4400000, 0x0000000100000000)
  region size 1024K, 2 young (2048K), 2 survivors (2048K)
 Metaspace       used 54929K, committed 55360K, reserved 1097728K
  class space    used 7412K, committed 7616K, reserved 1048576K
}
Event: 23.550 GC heap before
{Heap before GC invocations=16 (full 0):
 garbage-first heap   total 48128K, used 36340K [0x00000000c4400000, 0x0000000100000000)
  region size 1024K, 15 young (15360K), 2 survivors (2048K)
 Metaspace       used 56709K, committed 57152K, reserved 1105920K
  class space    used 7706K, committed 7936K, reserved 1048576K
}
Event: 23.569 GC heap after
{Heap after GC invocations=17 (full 0):
 garbage-first heap   total 48128K, used 24949K [0x00000000c4400000, 0x0000000100000000)
  region size 1024K, 1 young (1024K), 1 survivors (1024K)
 Metaspace       used 56709K, committed 57152K, reserved 1105920K
  class space    used 7706K, committed 7936K, reserved 1048576K
}
Event: 26.106 GC heap before
{Heap before GC invocations=17 (full 0):
 garbage-first heap   total 48128K, used 38261K [0x00000000c4400000, 0x0000000100000000)
  region size 1024K, 14 young (14336K), 1 survivors (1024K)
 Metaspace       used 58304K, committed 58752K, reserved 1105920K
  class space    used 7919K, committed 8128K, reserved 1048576K
}
Event: 26.119 GC heap after
{Heap after GC invocations=18 (full 0):
 garbage-first heap   total 48128K, used 26082K [0x00000000c4400000, 0x0000000100000000)
  region size 1024K, 2 young (2048K), 2 survivors (2048K)
 Metaspace       used 58304K, committed 58752K, reserved 1105920K
  class space    used 7919K, committed 8128K, reserved 1048576K
}
Event: 27.553 GC heap before
{Heap before GC invocations=19 (full 0):
 garbage-first heap   total 48128K, used 38370K [0x00000000c4400000, 0x0000000100000000)
  region size 1024K, 14 young (14336K), 2 survivors (2048K)
 Metaspace       used 60084K, committed 60544K, reserved 1105920K
  class space    used 8141K, committed 8384K, reserved 1048576K
}
Event: 27.577 GC heap after
{Heap after GC invocations=20 (full 0):
 garbage-first heap   total 48128K, used 27400K [0x00000000c4400000, 0x0000000100000000)
  region size 1024K, 2 young (2048K), 2 survivors (2048K)
 Metaspace       used 60084K, committed 60544K, reserved 1105920K
  class space    used 8141K, committed 8384K, reserved 1048576K
}
Event: 28.091 GC heap before
{Heap before GC invocations=20 (full 0):
 garbage-first heap   total 48128K, used 31496K [0x00000000c4400000, 0x0000000100000000)
  region size 1024K, 7 young (7168K), 2 survivors (2048K)
 Metaspace       used 60649K, committed 61184K, reserved 1105920K
  class space    used 8198K, committed 8448K, reserved 1048576K
}
Event: 28.103 GC heap after
{Heap after GC invocations=21 (full 0):
 garbage-first heap   total 48128K, used 27775K [0x00000000c4400000, 0x0000000100000000)
  region size 1024K, 1 young (1024K), 1 survivors (1024K)
 Metaspace       used 60649K, committed 61184K, reserved 1105920K
  class space    used 8198K, committed 8448K, reserved 1048576K
}
Event: 28.469 GC heap before
{Heap before GC invocations=22 (full 0):
 garbage-first heap   total 56320K, used 38015K [0x00000000c4400000, 0x0000000100000000)
  region size 1024K, 11 young (11264K), 1 survivors (1024K)
 Metaspace       used 60712K, committed 61184K, reserved 1105920K
  class space    used 8202K, committed 8448K, reserved 1048576K
}
Event: 28.478 GC heap after
{Heap after GC invocations=23 (full 0):
 garbage-first heap   total 56320K, used 30038K [0x00000000c4400000, 0x0000000100000000)
  region size 1024K, 2 young (2048K), 2 survivors (2048K)
 Metaspace       used 60712K, committed 61184K, reserved 1105920K
  class space    used 8202K, committed 8448K, reserved 1048576K
}
Event: 29.012 GC heap before
{Heap before GC invocations=23 (full 0):
 garbage-first heap   total 56320K, used 42326K [0x00000000c4400000, 0x0000000100000000)
  region size 1024K, 15 young (15360K), 2 survivors (2048K)
 Metaspace       used 60762K, committed 61248K, reserved 1105920K
  class space    used 8202K, committed 8448K, reserved 1048576K
}
Event: 29.027 GC heap after
{Heap after GC invocations=24 (full 0):
 garbage-first heap   total 56320K, used 32848K [0x00000000c4400000, 0x0000000100000000)
  region size 1024K, 2 young (2048K), 2 survivors (2048K)
 Metaspace       used 60762K, committed 61248K, reserved 1105920K
  class space    used 8202K, committed 8448K, reserved 1048576K
}
Event: 30.260 GC heap before
{Heap before GC invocations=25 (full 0):
 garbage-first heap   total 58368K, used 44112K [0x00000000c4400000, 0x0000000100000000)
  region size 1024K, 13 young (13312K), 2 survivors (2048K)
 Metaspace       used 60916K, committed 61376K, reserved 1105920K
  class space    used 8215K, committed 8448K, reserved 1048576K
}
Event: 30.274 GC heap after
{Heap after GC invocations=26 (full 0):
 garbage-first heap   total 58368K, used 36779K [0x00000000c4400000, 0x0000000100000000)
  region size 1024K, 2 young (2048K), 2 survivors (2048K)
 Metaspace       used 60916K, committed 61376K, reserved 1105920K
  class space    used 8215K, committed 8448K, reserved 1048576K
}
Event: 30.388 GC heap before
{Heap before GC invocations=26 (full 0):
 garbage-first heap   total 58368K, used 39851K [0x00000000c4400000, 0x0000000100000000)
  region size 1024K, 6 young (6144K), 2 survivors (2048K)
 Metaspace       used 60920K, committed 61376K, reserved 1105920K
  class space    used 8215K, committed 8448K, reserved 1048576K
}
Event: 30.394 GC heap after
{Heap after GC invocations=27 (full 0):
 garbage-first heap   total 58368K, used 37850K [0x00000000c4400000, 0x0000000100000000)
  region size 1024K, 1 young (1024K), 1 survivors (1024K)
 Metaspace       used 60920K, committed 61376K, reserved 1105920K
  class space    used 8215K, committed 8448K, reserved 1048576K
}
Event: 30.567 GC heap before
{Heap before GC invocations=27 (full 0):
 garbage-first heap   total 75776K, used 46042K [0x00000000c4400000, 0x0000000100000000)
  region size 1024K, 8 young (8192K), 1 survivors (1024K)
 Metaspace       used 60944K, committed 61440K, reserved 1105920K
  class space    used 8215K, committed 8448K, reserved 1048576K
}

